[2025-08-17 19:32:02] [WARNING] Tentativa de login falhada: admin
[2025-08-17 19:32:12] [WARNING] Tentativa de login falhada: admin
[2025-08-17 19:34:57] [WARNING] Tentativa de login falhada: admin
[2025-08-17 19:36:15] [WARNING] Tentativa de login falhada: admin
[2025-08-17 19:44:08] [WARNING] Tentativa de login falhada: admin
[2025-08-17 21:28:33] [WARNING] Tentativa de login falhada: admin
[2025-08-17 21:28:41] [WARNING] Tentativa de login falhada: admin
[2025-08-17 21:28:54] [WARNING] Tentativa de login falhada: admin
[2025-08-17 21:31:45] [WARNING] Tentativa de login falhada: admin
[2025-08-17 21:32:08] [WARNING] Tentativa de login falhada: admin
[2025-08-17 21:37:06] [WARNING] Tentativa de login falhada: admin
[2025-08-17 21:37:15] [WARNING] Tentativa de login falhada: admin
[2025-08-17 21:38:09] [WARNING] Tentativa de login falhada: admin
[2025-08-17 21:50:47] [WARNING] Tentativa de login falhada: admin
[2025-08-17 21:52:45] [WARNING] Tentativa de login falhada: admin
[2025-08-17 21:53:50] [WARNING] Tentativa de login falhada: admin
[2025-08-17 21:55:25] [WARNING] Tentativa de login falhada: admin
[2025-08-18 08:51:41] [WARNING] Tentativa de login falhada: admin
[2025-08-18 09:55:03] [WARNING] Tentativa de login falhada: admin
[2025-08-18 09:55:13] [WARNING] Tentativa de login falhada: admin
[2025-08-18 09:59:18] [WARNING] Tentativa de login falhada: admin
[2025-08-18 10:01:33] [WARNING] Tentativa de login falhada: admin
[2025-08-18 10:03:19] [WARNING] Tentativa de login falhada: admin
[2025-08-18 10:06:34] [WARNING] Tentativa de login falhada: admin
[2025-08-18 10:19:36] [WARNING] Tentativa de login falhada: admin
[2025-08-18 10:19:44] [WARNING] Tentativa de login falhada: admin
[2025-08-18 10:21:03] [WARNING] Tentativa de login falhada: admin
[2025-08-18 10:21:32] [WARNING] Tentativa de login falhada: admin
[2025-08-18 10:29:08] [WARNING] Tentativa de login falhada: admin
[2025-08-18 10:30:45] [WARNING] Tentativa de login falhada: admin
[2025-08-18 10:34:13] [WARNING] Tentativa de login falhada: admin
[2025-08-18 10:52:55] [WARNING] Tentativa de login falhada: admin
[2025-08-18 11:03:38] [WARNING] Tentativa de login falhada: admin
[2025-08-18 11:04:57] [WARNING] Tentativa de login falhada: admin
[2025-08-18 13:43:36] [WARNING] Tentativa de login falhada: admin
[2025-08-18 13:55:20] [WARNING] Tentativa de login falhada: admin
[2025-08-18 13:55:26] [WARNING] Tentativa de login falhada: admin
[2025-08-18 14:06:06] [INFO] Login realizado com sucesso: admin
[2025-08-18 14:07:30] [INFO] Logout realizado: Administrador do Sistema
[2025-08-18 14:07:38] [INFO] Login realizado com sucesso: admin
[2025-08-20 07:37:14] [INFO] Login realizado com sucesso: admin
[2025-08-20 07:40:02] [INFO] Logout realizado: Administrador do Sistema
[2025-08-20 07:45:24] [INFO] Login realizado com sucesso: admin
[2025-08-20 07:50:25] [INFO] Logout realizado: Administrador do Sistema
[2025-08-20 07:50:35] [INFO] Login realizado com sucesso: admin
[2025-08-20 07:50:45] [INFO] Logout realizado: Administrador do Sistema
[2025-08-20 08:56:10] [INFO] Login realizado com sucesso: admin
[2025-08-20 09:05:50] [INFO] Logout realizado: Administrador do Sistema
[2025-08-20 09:05:58] [INFO] Login realizado com sucesso: admin
[2025-08-20 10:03:29] [INFO] Logout realizado: Administrador do Sistema
[2025-08-20 10:03:36] [INFO] Login realizado com sucesso: admin
[2025-08-20 12:58:24] [INFO] Login realizado com sucesso: admin
[2025-08-20 13:02:45] [INFO] Logout realizado: Administrador do Sistema
[2025-08-20 13:02:51] [INFO] Login realizado com sucesso: admin
[2025-08-20 14:06:15] [INFO] Login realizado com sucesso: admin
[2025-08-21 09:19:02] [INFO] Login realizado com sucesso: admin
[2025-08-21 10:19:36] [INFO] Login realizado com sucesso: admin
[2025-08-21 11:20:04] [INFO] Login realizado com sucesso: admin
[2025-08-21 13:10:43] [INFO] Login realizado com sucesso: admin
[2025-08-25 10:04:00] [INFO] Login realizado com sucesso: admin
[2025-08-25 11:18:13] [INFO] Login realizado com sucesso: admin
[2025-08-25 14:39:25] [INFO] Login realizado com sucesso: admin
[2025-08-28 10:11:22] [INFO] Login realizado com sucesso: admin
[2025-08-28 11:15:20] [INFO] Login realizado com sucesso: admin
[2025-08-28 16:04:25] [INFO] Login realizado com sucesso: admin
[2025-08-28 16:28:04] [INFO] Logout realizado: Administrador do Sistema
[2025-08-28 16:28:14] [INFO] Login realizado com sucesso: flavio
[2025-08-28 16:38:15] [INFO] Logout realizado: Flávio Alves
[2025-08-28 16:38:22] [INFO] Login realizado com sucesso: admin
[2025-08-28 21:28:25] [INFO] Logout realizado: Administrador do Sistema
[2025-08-28 21:28:31] [INFO] Login realizado com sucesso: flavio
[2025-08-28 23:11:03] [INFO] Logout realizado: Flávio Alves
[2025-08-28 23:11:09] [INFO] Login realizado com sucesso: admin
[2025-08-28 23:13:06] [INFO] Logout realizado: Administrador do Sistema
[2025-08-31 19:07:02] [INFO] Login realizado com sucesso: admin
[2025-08-31 20:31:26] [INFO] Login realizado com sucesso: admin
[2025-09-01 09:35:14] [INFO] Login realizado com sucesso: admin
[2025-09-05 10:41:57] [WARNING] Tentativa de login falhada: admin
[2025-09-05 10:42:33] [WARNING] Tentativa de login falhada: admin
[2025-09-05 13:31:53] [WARNING] Tentativa de login falhada: admin
[2025-09-05 13:32:13] [WARNING] Tentativa de login falhada: admin
[2025-09-05 13:33:50] [WARNING] Tentativa de login falhada: admin
[2025-09-05 13:34:17] [WARNING] Tentativa de login falhada: admin
[2025-09-05 13:35:02] [WARNING] Tentativa de login falhada: admin
[2025-09-05 13:40:36] [WARNING] Tentativa de login falhada: admin
[2025-09-05 13:47:47] [WARNING] Tentativa de login falhada: admin
[2025-09-05 14:45:51] [WARNING] Tentativa de login falhada: admin
[2025-09-05 14:47:03] [WARNING] Tentativa de login falhada: admin
[2025-09-05 14:47:12] [WARNING] Tentativa de login falhada: admin
[2025-09-05 14:47:49] [WARNING] Tentativa de login falhada: admin
[2025-09-05 14:51:18] [WARNING] Tentativa de login falhada: admin
[2025-09-05 14:53:09] [WARNING] Tentativa de login falhada: teste
[2025-09-05 14:54:00] [WARNING] Tentativa de login falhada: admin
[2025-09-05 14:57:42] [WARNING] Tentativa de login falhada: admin
[2025-09-05 14:58:57] [WARNING] Tentativa de login falhada: admin
[2025-09-05 15:02:24] [WARNING] Tentativa de login falhada: admin
[2025-09-05 15:05:07] [WARNING] Tentativa de login falhada: admin
[2025-09-05 15:08:22] [INFO] Login realizado com sucesso: admin
[2025-09-05 16:58:41] [INFO] Login realizado com sucesso: admin
[2025-09-05 17:04:39] [INFO] Logout realizado: Administrador do Sistema
[2025-09-05 17:04:49] [INFO] Login realizado com sucesso: Flávio
[2025-09-05 18:08:10] [INFO] Login realizado com sucesso: admin
[2025-09-05 18:14:20] [INFO] Logout realizado: Administrador do Sistema
[2025-09-05 18:14:39] [INFO] Login realizado com sucesso: Flávio
[2025-09-05 18:26:08] [INFO] Logout realizado: Flávio
[2025-09-05 18:26:15] [INFO] Login realizado com sucesso: admin
[2025-09-05 18:39:33] [INFO] Logout realizado: Administrador do Sistema
[2025-09-05 18:39:38] [INFO] Login realizado com sucesso: Flávio
[2025-09-05 19:41:32] [INFO] Login realizado com sucesso: Flávio
[2025-09-05 19:47:05] [INFO] Logout realizado: Flávio
[2025-09-05 19:47:11] [INFO] Login realizado com sucesso: admin
[2025-09-05 20:19:32] [INFO] Logout realizado: Administrador do Sistema
[2025-09-05 20:19:37] [INFO] Login realizado com sucesso: Flávio
[2025-09-05 22:38:47] [INFO] Login realizado com sucesso: admin
[2025-09-05 22:38:56] [INFO] Logout realizado: Administrador do Sistema
[2025-09-05 22:39:00] [INFO] Login realizado com sucesso: Flávio
[2025-09-05 22:52:08] [INFO] Logout realizado: Flávio
[2025-09-05 22:52:14] [INFO] Login realizado com sucesso: admin
[2025-09-05 22:52:36] [INFO] Logout realizado: Administrador do Sistema
[2025-09-05 22:52:47] [INFO] Login realizado com sucesso: Flávio
[2025-09-05 23:32:28] [INFO] Logout realizado: Flávio
[2025-09-05 23:32:34] [INFO] Login realizado com sucesso: admin
[2025-09-05 23:32:48] [INFO] Logout realizado: Administrador do Sistema
[2025-09-05 23:32:53] [INFO] Login realizado com sucesso: Flávio
[2025-09-05 23:33:05] [INFO] Logout realizado: Flávio
[2025-09-05 23:33:12] [INFO] Login realizado com sucesso: admin
[2025-09-05 23:33:52] [INFO] Logout realizado: Administrador do Sistema
[2025-09-05 23:33:59] [INFO] Login realizado com sucesso: Flávio
[2025-09-06 10:12:38] [INFO] Login realizado com sucesso: admin
[2025-09-06 10:13:43] [INFO] Login realizado com sucesso: admin
[2025-09-06 17:33:56] [INFO] Logout realizado: 
[2025-09-06 17:34:02] [INFO] Login realizado com sucesso: admin
[2025-09-06 17:53:11] [INFO] Logout realizado: Administrador do Sistema
[2025-09-06 17:53:16] [INFO] Login realizado com sucesso: Flávio
[2025-09-06 19:32:32] [INFO] Login realizado com sucesso: admin
[2025-09-06 20:38:27] [INFO] Login realizado com sucesso: admin
[2025-09-06 22:31:11] [INFO] Login realizado com sucesso: admin
[2025-09-06 23:31:38] [INFO] Login realizado com sucesso: admin
[2025-09-07 00:35:25] [INFO] Logout realizado: 
[2025-09-07 00:35:25] [INFO] Logout realizado: 
[2025-09-07 00:35:32] [INFO] Login realizado com sucesso: admin
[2025-09-07 00:56:02] [INFO] Logout realizado: Administrador do Sistema
[2025-09-07 00:56:07] [INFO] Login realizado com sucesso: Flávio
[2025-09-07 01:00:06] [INFO] Logout realizado: Flávio
[2025-09-07 01:00:12] [INFO] Login realizado com sucesso: admin
[2025-09-07 01:00:17] [INFO] Logout realizado: Administrador do Sistema
[2025-09-07 01:00:22] [INFO] Login realizado com sucesso: Flávio
[2025-09-07 01:04:09] [INFO] Logout realizado: Flávio
[2025-09-07 01:04:14] [INFO] Login realizado com sucesso: admin
[2025-09-07 01:10:00] [INFO] Logout realizado: Administrador do Sistema
[2025-09-07 12:52:46] [INFO] Login realizado com sucesso: admin
[2025-09-07 14:31:00] [INFO] Login realizado com sucesso: admin
[2025-09-07 15:36:14] [INFO] Login realizado com sucesso: admin
[2025-09-07 17:39:25] [INFO] Login realizado com sucesso: admin
[2025-09-07 19:42:01] [INFO] Login realizado com sucesso: admin
[2025-09-07 19:42:06] [INFO] Logout realizado: Administrador do Sistema
[2025-09-07 19:42:12] [INFO] Login realizado com sucesso: Flávio
[2025-09-07 20:13:33] [INFO] Logout realizado: Flávio
[2025-09-07 20:13:40] [INFO] Login realizado com sucesso: admin
[2025-10-14 16:13:30] [WARNING] Tentativa de login falhada: flavio
[2025-10-14 16:13:44] [WARNING] Tentativa de login falhada: flavio
[2025-10-14 16:13:56] [WARNING] Tentativa de login falhada: flavio
[2025-10-14 16:14:05] [WARNING] Tentativa de login falhada: flavio
[2025-10-14 16:14:13] [WARNING] Tentativa de login falhada: flavio
[2025-10-14 16:16:09] [WARNING] Tentativa de login falhada: Flávio
[2025-10-14 16:16:18] [WARNING] Tentativa de login falhada: Flávio
[2025-10-14 16:16:34] [WARNING] Tentativa de login falhada: Flávio
[2025-10-14 16:17:58] [WARNING] Tentativa de login falhada: Flávio
[2025-10-14 16:18:21] [WARNING] Tentativa de login falhada: Flávio
[2025-10-14 16:23:01] [WARNING] Tentativa de login falhada: Flávio
[2025-10-14 16:23:36] [WARNING] Tentativa de login falhada: Flávio
[2025-10-14 16:24:36] [INFO] Login realizado com sucesso: admin
[2025-10-14 16:28:21] [INFO] Logout realizado: Administrador do Sistema
[2025-10-14 16:28:32] [WARNING] Tentativa de login falhada: Flávio
[2025-10-14 16:29:06] [WARNING] Tentativa de login falhada: flavio
[2025-10-14 16:36:22] [WARNING] Tentativa de login falhada: flavio
[2025-10-14 16:37:00] [WARNING] Tentativa de login falhada: flavio
[2025-10-14 16:38:12] [INFO] Login realizado com sucesso: flavio
[2025-10-14 17:30:20] [INFO] Logout realizado: Flávio Alves
[2025-10-14 17:30:26] [INFO] Login realizado com sucesso: flavio
[2025-10-14 17:30:53] [INFO] Logout realizado: Flávio Alves
[2025-10-14 17:30:59] [INFO] Login realizado com sucesso: admin
[2025-10-14 17:31:12] [INFO] Logout realizado: Administrador do Sistema
[2025-10-14 17:31:18] [INFO] Login realizado com sucesso: flavio
[2025-10-14 17:47:56] [INFO] Logout realizado: Flávio Alves
[2025-10-14 17:48:01] [INFO] Login realizado com sucesso: admin
[2025-10-14 17:48:27] [INFO] Logout realizado: Administrador do Sistema
[2025-10-14 17:51:37] [INFO] Login realizado com sucesso: flavio
[2025-10-14 17:57:54] [INFO] Login realizado com sucesso: flavio
[2025-10-14 19:11:59] [INFO] Login realizado com sucesso: flavio
[2025-10-14 20:10:05] [INFO] Logout realizado: Flávio Alves
[2025-10-14 20:10:11] [INFO] Login realizado com sucesso: admin
[2025-10-14 20:25:52] [INFO] Logout realizado: Administrador do Sistema
[2025-10-14 20:30:42] [INFO] Login realizado com sucesso: adm2
[2025-10-14 20:31:12] [INFO] Logout realizado: Adm2
[2025-10-14 20:31:18] [INFO] Login realizado com sucesso: admin
[2025-10-14 20:55:16] [INFO] Logout realizado: Administrador do Sistema
[2025-10-14 20:55:21] [INFO] Login realizado com sucesso: flavio
[2025-10-14 21:06:48] [INFO] Logout realizado: Flávio Alves
[2025-10-14 21:06:53] [INFO] Login realizado com sucesso: admin
[2025-10-14 21:12:47] [INFO] Logout realizado: Administrador do Sistema
[2025-10-14 21:12:52] [INFO] Login realizado com sucesso: admin
[2025-10-14 21:21:32] [INFO] Logout realizado: Administrador do Sistema
[2025-10-14 21:21:40] [INFO] Login realizado com sucesso: adm2
[2025-10-14 21:22:59] [INFO] Logout realizado: Adm2
[2025-10-14 21:23:06] [INFO] Login realizado com sucesso: admin
[2025-10-14 21:58:29] [INFO] Logout realizado: Administrador do Sistema
[2025-10-14 21:58:35] [INFO] Login realizado com sucesso: adm2
[2025-10-14 21:59:02] [INFO] Logout realizado: Adm2
[2025-10-14 21:59:07] [INFO] Login realizado com sucesso: flavio
[2025-10-14 22:01:48] [INFO] Logout realizado: Flávio Alves
[2025-10-14 22:01:55] [INFO] Login realizado com sucesso: admin
[2025-10-14 22:04:15] [INFO] Logout realizado: Administrador do Sistema
[2025-10-14 22:04:19] [INFO] Login realizado com sucesso: flavio
[2025-10-14 23:01:53] [INFO] Logout realizado: Flávio Alves
[2025-10-14 23:02:00] [INFO] Login realizado com sucesso: adm2
[2025-10-14 23:02:16] [INFO] Logout realizado: Adm2
[2025-10-14 23:02:22] [INFO] Login realizado com sucesso: admin
[2025-10-14 23:02:53] [INFO] Logout realizado: Administrador do Sistema
[2025-10-14 23:03:01] [INFO] Login realizado com sucesso: adm2
[2025-10-14 23:03:05] [INFO] Logout realizado: Adm2
[2025-10-15 22:22:25] [INFO] Login realizado com sucesso: admin
[2025-10-15 22:22:53] [INFO] Logout realizado: Administrador do Sistema
[2025-10-15 22:23:12] [INFO] Login realizado com sucesso: adm2
[2025-10-15 22:28:36] [INFO] Logout realizado: Adm2
[2025-10-15 22:28:44] [INFO] Login realizado com sucesso: flavio
[2025-10-15 22:41:34] [INFO] Logout realizado: Flávio Alves
[2025-10-15 23:08:45] [INFO] Login realizado com sucesso: admin
[2025-10-15 23:29:13] [INFO] Logout realizado: Administrador do Sistema
[2025-10-15 23:29:26] [INFO] Login realizado com sucesso: flavio
[2025-10-15 23:29:52] [INFO] Logout realizado: Flávio Alves
[2025-10-15 23:30:00] [INFO] Login realizado com sucesso: admin
[2025-10-16 00:31:43] [INFO] Login realizado com sucesso: admin
[2025-10-16 08:50:53] [INFO] Login realizado com sucesso: admin
[2025-10-16 09:35:58] [INFO] Logout realizado: Administrador do Sistema
[2025-10-16 09:36:07] [INFO] Login realizado com sucesso: adm2
[2025-10-16 09:38:17] [INFO] Logout realizado: Adm2
[2025-10-16 09:38:25] [INFO] Login realizado com sucesso: admin
[2025-10-16 10:54:09] [INFO] Login realizado com sucesso: admin
[2025-10-16 14:47:54] [INFO] Login realizado com sucesso: admin
[2025-10-16 14:51:27] [INFO] Logout realizado: Administrador do Sistema
[2025-10-16 14:51:36] [INFO] Login realizado com sucesso: admin
[2025-10-16 16:33:30] [INFO] Login realizado com sucesso: admin
[2025-10-17 09:47:07] [INFO] Login realizado com sucesso: admin
[2025-10-17 11:42:42] [INFO] Login realizado com sucesso: admin
[2025-10-17 13:31:58] [INFO] Login realizado com sucesso: admin
[2025-10-17 14:37:37] [INFO] Login realizado com sucesso: admin
[2025-10-18 14:15:14] [INFO] Login realizado com sucesso: admin
[2025-10-18 16:08:23] [INFO] Login realizado com sucesso: admin
[2025-10-18 17:39:11] [INFO] Login realizado com sucesso: admin
[2025-10-18 18:42:44] [INFO] Login realizado com sucesso: admin
[2025-10-18 19:43:56] [WARNING] Tentativa de login falhada: admin
[2025-10-18 19:44:03] [INFO] Login realizado com sucesso: admin
[2025-10-18 20:06:44] [INFO] Login realizado com sucesso: admin
[2025-10-18 21:24:48] [WARNING] Tentativa de login falhada: flavi
[2025-10-18 21:33:15] [INFO] Login realizado com sucesso: flavio
[2025-10-18 22:02:24] [INFO] Logout realizado: Flávio Alves
[2025-10-18 22:02:34] [INFO] Login realizado com sucesso: admin
[2025-10-18 22:03:00] [INFO] Logout realizado: Administrador do Sistema
[2025-10-18 22:03:08] [INFO] Login realizado com sucesso: adm2
[2025-10-18 22:40:47] [INFO] Logout realizado: Adm2
[2025-10-18 22:40:54] [INFO] Login realizado com sucesso: flavio
[2025-10-18 23:14:16] [INFO] Logout realizado: Flávio Alves
[2025-10-18 23:14:24] [INFO] Login realizado com sucesso: admin
[2025-10-18 23:17:47] [INFO] Logout realizado: Administrador do Sistema
[2025-10-18 23:17:54] [INFO] Login realizado com sucesso: flavio
[2025-10-18 23:23:20] [INFO] Logout realizado: Flávio Alves
[2025-10-18 23:23:28] [INFO] Login realizado com sucesso: admin
[2025-10-18 23:24:41] [INFO] Logout realizado: Administrador do Sistema
[2025-10-18 23:24:48] [INFO] Login realizado com sucesso: flavio
[2025-10-18 23:26:08] [INFO] Logout realizado: Flávio Alves
[2025-10-18 23:26:16] [INFO] Login realizado com sucesso: adm2
[2025-10-18 23:26:34] [INFO] Logout realizado: Adm2
[2025-10-18 23:28:24] [INFO] Login realizado com sucesso: flavio
[2025-10-18 23:41:33] [INFO] Logout realizado: Flávio Alves
[2025-10-18 23:41:39] [WARNING] Tentativa de login falhada: admin
[2025-10-18 23:41:47] [INFO] Login realizado com sucesso: admin
[2025-10-18 23:43:32] [INFO] Logout realizado: Administrador do Sistema
[2025-10-18 23:43:41] [WARNING] Tentativa de login falhada: flavio
[2025-10-18 23:43:47] [WARNING] Tentativa de login falhada: flavio
[2025-10-18 23:43:57] [WARNING] Tentativa de login falhada: flavio
[2025-10-18 23:44:15] [INFO] Login realizado com sucesso: flavio
[2025-10-18 23:46:33] [INFO] Logout realizado: Flávio Alves
[2025-10-18 23:47:27] [WARNING] Tentativa de login falhada: admin
[2025-10-18 23:47:41] [INFO] Login realizado com sucesso: admin
[2025-10-18 23:47:53] [INFO] Logout realizado: Administrador do Sistema
[2025-10-18 23:48:00] [INFO] Login realizado com sucesso: adm2
[2025-10-18 23:48:19] [INFO] Logout realizado: Adm2
[2025-10-18 23:48:58] [INFO] Login realizado com sucesso: flavio
[2025-10-18 23:58:15] [INFO] Logout realizado: Flávio Alves
[2025-10-18 23:58:23] [INFO] Login realizado com sucesso: admin
[2025-10-19 14:36:03] [INFO] Login realizado com sucesso: admin
[2025-10-19 16:35:18] [INFO] Login realizado com sucesso: admin
[2025-10-19 20:14:49] [INFO] Login realizado com sucesso: admin
[2025-10-19 22:00:12] [INFO] Login realizado com sucesso: admin
[2025-10-20 20:06:23] [INFO] Login realizado com sucesso: admin
