This file contains any messages produced by compilers while
running configure, to aid debugging if configure makes a mistake.

It was created by configure, which was
generated by GNU Autoconf 2.71.  Invocation command line was

  $ ./configure

## --------- ##
## Platform. ##
## --------- ##

hostname = raspberrypi
uname -m = aarch64
uname -r = 6.12.20+rpt-rpi-v8
uname -s = Linux
uname -v = #1 SMP PREEMPT Debian 1:6.12.20-1+rpt1~bpo12+1 (2025-03-19)

/usr/bin/uname -p = unknown
/bin/uname -X     = unknown

/bin/arch              = aarch64
/usr/bin/arch -k       = unknown
/usr/convex/getsysinfo = unknown
/usr/bin/hostinfo      = unknown
/bin/machine           = unknown
/usr/bin/oslevel       = unknown
/bin/universe          = unknown

PATH: /home/admin/.vscode-server/cli/servers/Stable-7d842fb85a0275a4a8e4d7e040d2625abbf7f084/server/bin/remote-cli/
PATH: /usr/local/sbin/
PATH: /usr/local/bin/
PATH: /usr/sbin/
PATH: /usr/bin/
PATH: /sbin/
PATH: /bin/
PATH: /usr/local/games/
PATH: /usr/games/


## ----------- ##
## Core tests. ##
## ----------- ##

configure:2416: looking for aux files: ltmain.sh config.guess config.sub
configure:2429:  trying ./build/
configure:2458:   ./build/ltmain.sh found
configure:2458:   ./build/config.guess found
configure:2458:   ./build/config.sub found
configure:2575: checking for grep that handles long lines and -e
configure:2639: result: /usr/bin/grep
configure:2644: checking for egrep
configure:2712: result: /usr/bin/grep -E
configure:2717: checking for a sed that does not truncate output
configure:2787: result: /usr/bin/sed
configure:2931: checking for pkg-config
configure:2954: found /usr/bin/pkg-config
configure:2966: result: /usr/bin/pkg-config
configure:2991: checking pkg-config is at least version 0.9.0
configure:2994: result: yes
configure:3070: checking for cc
configure:3091: found /usr/bin/cc
configure:3102: result: cc
configure:3133: checking for C compiler version
configure:3142: cc --version >&5
cc (Debian 12.2.0-14+deb12u1) 12.2.0
Copyright (C) 2022 Free Software Foundation, Inc.
This is free software; see the source for copying conditions.  There is NO
warranty; not even for MERCHANTABILITY or FITNESS FOR A PARTICULAR PURPOSE.

configure:3153: $? = 0
configure:3142: cc -v >&5
Using built-in specs.
COLLECT_GCC=cc
COLLECT_LTO_WRAPPER=/usr/lib/gcc/aarch64-linux-gnu/12/lto-wrapper
Target: aarch64-linux-gnu
Configured with: ../src/configure -v --with-pkgversion='Debian 12.2.0-14+deb12u1' --with-bugurl=file:///usr/share/doc/gcc-12/README.Bugs --enable-languages=c,ada,c++,go,d,fortran,objc,obj-c++,m2 --prefix=/usr --with-gcc-major-version-only --program-suffix=-12 --program-prefix=aarch64-linux-gnu- --enable-shared --enable-linker-build-id --libexecdir=/usr/lib --without-included-gettext --enable-threads=posix --libdir=/usr/lib --enable-nls --enable-clocale=gnu --enable-libstdcxx-debug --enable-libstdcxx-time=yes --with-default-libstdcxx-abi=new --enable-gnu-unique-object --disable-libquadmath --disable-libquadmath-support --enable-plugin --enable-default-pie --with-system-zlib --enable-libphobos-checking=release --with-target-system-zlib=auto --enable-objc-gc=auto --enable-multiarch --enable-fix-cortex-a53-843419 --disable-werror --enable-checking=release --build=aarch64-linux-gnu --host=aarch64-linux-gnu --target=aarch64-linux-gnu
Thread model: posix
Supported LTO compression algorithms: zlib zstd
gcc version 12.2.0 (Debian 12.2.0-14+deb12u1) 
configure:3153: $? = 0
configure:3142: cc -V >&5
cc: error: unrecognized command-line option '-V'
cc: fatal error: no input files
compilation terminated.
configure:3153: $? = 1
configure:3142: cc -qversion >&5
cc: error: unrecognized command-line option '-qversion'; did you mean '--version'?
cc: fatal error: no input files
compilation terminated.
configure:3153: $? = 1
configure:3142: cc -version >&5
cc: error: unrecognized command-line option '-version'
cc: fatal error: no input files
compilation terminated.
configure:3153: $? = 1
configure:3173: checking whether the C compiler works
configure:3195: cc    conftest.c  >&5
configure:3199: $? = 0
configure:3249: result: yes
configure:3252: checking for C compiler default output file name
configure:3254: result: a.out
configure:3260: checking for suffix of executables
configure:3267: cc -o conftest    conftest.c  >&5
configure:3271: $? = 0
configure:3294: result: 
configure:3316: checking whether we are cross compiling
configure:3324: cc -o conftest    conftest.c  >&5
configure:3328: $? = 0
configure:3335: ./conftest
configure:3339: $? = 0
configure:3354: result: no
configure:3359: checking for suffix of object files
configure:3382: cc -c   conftest.c >&5
configure:3386: $? = 0
configure:3408: result: o
configure:3412: checking whether the compiler supports GNU C
configure:3432: cc -c   conftest.c >&5
configure:3432: $? = 0
configure:3442: result: yes
configure:3453: checking whether cc accepts -g
configure:3474: cc -c -g  conftest.c >&5
configure:3474: $? = 0
configure:3518: result: yes
configure:3538: checking for cc option to enable C11 features
configure:3553: cc  -c -g -O2  conftest.c >&5
configure:3553: $? = 0
configure:3571: result: none needed
configure:3687: checking how to run the C preprocessor
configure:3713: cc -E  conftest.c
configure:3713: $? = 0
configure:3728: cc -E  conftest.c
conftest.c:9:10: fatal error: ac_nonexistent.h: No such file or directory
    9 | #include <ac_nonexistent.h>
      |          ^~~~~~~~~~~~~~~~~~
compilation terminated.
configure:3728: $? = 1
configure: failed program was:
| /* confdefs.h */
| #define PACKAGE_NAME ""
| #define PACKAGE_TARNAME ""
| #define PACKAGE_VERSION ""
| #define PACKAGE_STRING ""
| #define PACKAGE_BUGREPORT ""
| #define PACKAGE_URL ""
| /* end confdefs.h.  */
| #include <ac_nonexistent.h>
configure:3755: result: cc -E
configure:3769: cc -E  conftest.c
configure:3769: $? = 0
configure:3784: cc -E  conftest.c
conftest.c:9:10: fatal error: ac_nonexistent.h: No such file or directory
    9 | #include <ac_nonexistent.h>
      |          ^~~~~~~~~~~~~~~~~~
compilation terminated.
configure:3784: $? = 1
configure: failed program was:
| /* confdefs.h */
| #define PACKAGE_NAME ""
| #define PACKAGE_TARNAME ""
| #define PACKAGE_VERSION ""
| #define PACKAGE_STRING ""
| #define PACKAGE_BUGREPORT ""
| #define PACKAGE_URL ""
| /* end confdefs.h.  */
| #include <ac_nonexistent.h>
configure:3817: checking for icc
configure:3827: result: no
configure:3841: checking for suncc
configure:3851: result: no
configure:3869: checking for system library directory
configure:3885: result: lib
configure:3892: checking if compiler supports -Wl,-rpath,
configure:3912: cc -o conftest -g -O2   conftest.c -Wl,-rpath,/usr/lib  >&5
configure:3912: $? = 0
configure:3923: result: yes
configure:3978: checking build system type
configure:3993: result: aarch64-unknown-linux-gnu
configure:4013: checking host system type
configure:4027: result: aarch64-unknown-linux-gnu
configure:4047: checking target system type
configure:4061: result: aarch64-unknown-linux-gnu
configure:4165: checking for PHP prefix
configure:4167: result: /usr
configure:4169: checking for PHP includes
configure:4171: result: -I/usr/include/php/20220829 -I/usr/include/php/20220829/main -I/usr/include/php/20220829/TSRM -I/usr/include/php/20220829/Zend -I/usr/include/php/20220829/ext -I/usr/include/php/20220829/ext/date/lib
configure:4173: checking for PHP extension directory
configure:4175: result: /usr/lib/php/20220829
configure:4177: checking for PHP installed headers prefix
configure:4179: result: /usr/include/php/20220829
configure:4182: checking if debug is enabled
configure:4209: result: no
configure:4212: checking if zts is enabled
configure:4239: result: no
configure:4308: checking for gawk
configure:4330: found /usr/bin/gawk
configure:4341: result: gawk
configure:4385: checking whether to enable Xdebug support
configure:4425: result: yes, shared
configure:4434: checking whether to enable Xdebug developer build flags
configure:4449: result: no
configure:4458: checking whether to compress profiler files (requires zlib)
configure:4474: result: yes
configure:4504: checking for supported PHP version
configure:4514: result: supported (8.2.29)
configure:4529: checking for clock_gettime
configure:4543: cc -o conftest -g -O2 -I/usr/include/php/20220829 -I/usr/include/php/20220829/main -I/usr/include/php/20220829/TSRM -I/usr/include/php/20220829/Zend -I/usr/include/php/20220829/ext -I/usr/include/php/20220829/ext/date/lib   conftest.c  >&5
configure:4543: $? = 0
configure:4547: result: yes
configure:4601: checking for clock_gettime_nsec_np
configure:4601: cc -o conftest -g -O2 -I/usr/include/php/20220829 -I/usr/include/php/20220829/main -I/usr/include/php/20220829/TSRM -I/usr/include/php/20220829/Zend -I/usr/include/php/20220829/ext -I/usr/include/php/20220829/ext/date/lib   conftest.c  >&5
/usr/bin/ld: /tmp/ccCl4O8Z.o: in function `main':
/var/www/html/xdebug-3.4.6/conftest.c:38: undefined reference to `clock_gettime_nsec_np'
collect2: error: ld returned 1 exit status
configure:4601: $? = 1
configure: failed program was:
| /* confdefs.h */
| #define PACKAGE_NAME ""
| #define PACKAGE_TARNAME ""
| #define PACKAGE_VERSION ""
| #define PACKAGE_STRING ""
| #define PACKAGE_BUGREPORT ""
| #define PACKAGE_URL ""
| #define HAVE_XDEBUG 1
| #define HAVE_XDEBUG_CLOCK_GETTIME 1
| /* end confdefs.h.  */
| /* Define clock_gettime_nsec_np to an innocuous variant, in case <limits.h> declares clock_gettime_nsec_np.
|    For example, HP-UX 11i <limits.h> declares gettimeofday.  */
| #define clock_gettime_nsec_np innocuous_clock_gettime_nsec_np
| 
| /* System header to define __stub macros and hopefully few prototypes,
|    which can conflict with char clock_gettime_nsec_np (); below.  */
| 
| #include <limits.h>
| #undef clock_gettime_nsec_np
| 
| /* Override any GCC internal prototype to avoid an error.
|    Use char because int might match the return type of a GCC
|    builtin and then its argument prototype would still apply.  */
| #ifdef __cplusplus
| extern "C"
| #endif
| char clock_gettime_nsec_np ();
| /* The GNU C library defines this for functions which it implements
|     to always fail with ENOSYS.  Some functions are actually named
|     something starting with __ and the normal name is an alias.  */
| #if defined __stub_clock_gettime_nsec_np || defined __stub___clock_gettime_nsec_np
| choke me
| #endif
| 
| int
| main (void)
| {
| return clock_gettime_nsec_np ();
|   ;
|   return 0;
| }
configure:4601: result: no
configure:4614: checking for gettimeofday
configure:4614: cc -o conftest -g -O2 -I/usr/include/php/20220829 -I/usr/include/php/20220829/main -I/usr/include/php/20220829/TSRM -I/usr/include/php/20220829/Zend -I/usr/include/php/20220829/ext -I/usr/include/php/20220829/ext/date/lib   conftest.c  >&5
configure:4614: $? = 0
configure:4614: result: yes
configure:4627: checking for stdio.h
configure:4627: cc -c -g -O2 -I/usr/include/php/20220829 -I/usr/include/php/20220829/main -I/usr/include/php/20220829/TSRM -I/usr/include/php/20220829/Zend -I/usr/include/php/20220829/ext -I/usr/include/php/20220829/ext/date/lib  conftest.c >&5
configure:4627: $? = 0
configure:4627: result: yes
configure:4627: checking for stdlib.h
configure:4627: cc -c -g -O2 -I/usr/include/php/20220829 -I/usr/include/php/20220829/main -I/usr/include/php/20220829/TSRM -I/usr/include/php/20220829/Zend -I/usr/include/php/20220829/ext -I/usr/include/php/20220829/ext/date/lib  conftest.c >&5
configure:4627: $? = 0
configure:4627: result: yes
configure:4627: checking for string.h
configure:4627: cc -c -g -O2 -I/usr/include/php/20220829 -I/usr/include/php/20220829/main -I/usr/include/php/20220829/TSRM -I/usr/include/php/20220829/Zend -I/usr/include/php/20220829/ext -I/usr/include/php/20220829/ext/date/lib  conftest.c >&5
configure:4627: $? = 0
configure:4627: result: yes
configure:4627: checking for inttypes.h
configure:4627: cc -c -g -O2 -I/usr/include/php/20220829 -I/usr/include/php/20220829/main -I/usr/include/php/20220829/TSRM -I/usr/include/php/20220829/Zend -I/usr/include/php/20220829/ext -I/usr/include/php/20220829/ext/date/lib  conftest.c >&5
configure:4627: $? = 0
configure:4627: result: yes
configure:4627: checking for stdint.h
configure:4627: cc -c -g -O2 -I/usr/include/php/20220829 -I/usr/include/php/20220829/main -I/usr/include/php/20220829/TSRM -I/usr/include/php/20220829/Zend -I/usr/include/php/20220829/ext -I/usr/include/php/20220829/ext/date/lib  conftest.c >&5
configure:4627: $? = 0
configure:4627: result: yes
configure:4627: checking for strings.h
configure:4627: cc -c -g -O2 -I/usr/include/php/20220829 -I/usr/include/php/20220829/main -I/usr/include/php/20220829/TSRM -I/usr/include/php/20220829/Zend -I/usr/include/php/20220829/ext -I/usr/include/php/20220829/ext/date/lib  conftest.c >&5
configure:4627: $? = 0
configure:4627: result: yes
configure:4627: checking for sys/stat.h
configure:4627: cc -c -g -O2 -I/usr/include/php/20220829 -I/usr/include/php/20220829/main -I/usr/include/php/20220829/TSRM -I/usr/include/php/20220829/Zend -I/usr/include/php/20220829/ext -I/usr/include/php/20220829/ext/date/lib  conftest.c >&5
configure:4627: $? = 0
configure:4627: result: yes
configure:4627: checking for sys/types.h
configure:4627: cc -c -g -O2 -I/usr/include/php/20220829 -I/usr/include/php/20220829/main -I/usr/include/php/20220829/TSRM -I/usr/include/php/20220829/Zend -I/usr/include/php/20220829/ext -I/usr/include/php/20220829/ext/date/lib  conftest.c >&5
configure:4627: $? = 0
configure:4627: result: yes
configure:4627: checking for unistd.h
configure:4627: cc -c -g -O2 -I/usr/include/php/20220829 -I/usr/include/php/20220829/main -I/usr/include/php/20220829/TSRM -I/usr/include/php/20220829/Zend -I/usr/include/php/20220829/ext -I/usr/include/php/20220829/ext/date/lib  conftest.c >&5
configure:4627: $? = 0
configure:4627: result: yes
configure:4652: checking for netinet/in.h
configure:4652: cc -c -g -O2 -I/usr/include/php/20220829 -I/usr/include/php/20220829/main -I/usr/include/php/20220829/TSRM -I/usr/include/php/20220829/Zend -I/usr/include/php/20220829/ext -I/usr/include/php/20220829/ext/date/lib  conftest.c >&5
configure:4652: $? = 0
configure:4652: result: yes
configure:4658: checking for poll.h
configure:4658: cc -c -g -O2 -I/usr/include/php/20220829 -I/usr/include/php/20220829/main -I/usr/include/php/20220829/TSRM -I/usr/include/php/20220829/Zend -I/usr/include/php/20220829/ext -I/usr/include/php/20220829/ext/date/lib  conftest.c >&5
configure:4658: $? = 0
configure:4658: result: yes
configure:4664: checking for sys/poll.h
configure:4664: cc -c -g -O2 -I/usr/include/php/20220829 -I/usr/include/php/20220829/main -I/usr/include/php/20220829/TSRM -I/usr/include/php/20220829/Zend -I/usr/include/php/20220829/ext -I/usr/include/php/20220829/ext/date/lib  conftest.c >&5
configure:4664: $? = 0
configure:4664: result: yes
configure:4678: checking for linux/rtnetlink.h
configure:4678: cc -c -g -O2 -I/usr/include/php/20220829 -I/usr/include/php/20220829/main -I/usr/include/php/20220829/TSRM -I/usr/include/php/20220829/Zend -I/usr/include/php/20220829/ext -I/usr/include/php/20220829/ext/date/lib  conftest.c >&5
configure:4678: $? = 0
configure:4678: result: yes
configure:4701: checking for res_ninit
configure:4701: cc -o conftest -g -O2 -I/usr/include/php/20220829 -I/usr/include/php/20220829/main -I/usr/include/php/20220829/TSRM -I/usr/include/php/20220829/Zend -I/usr/include/php/20220829/ext -I/usr/include/php/20220829/ext/date/lib   conftest.c  >&5
/usr/bin/ld: /tmp/ccYsmy0v.o: in function `main':
/var/www/html/xdebug-3.4.6/conftest.c:55: undefined reference to `res_ninit'
collect2: error: ld returned 1 exit status
configure:4701: $? = 1
configure: failed program was:
| /* confdefs.h */
| #define PACKAGE_NAME ""
| #define PACKAGE_TARNAME ""
| #define PACKAGE_VERSION ""
| #define PACKAGE_STRING ""
| #define PACKAGE_BUGREPORT ""
| #define PACKAGE_URL ""
| #define HAVE_XDEBUG 1
| #define HAVE_XDEBUG_CLOCK_GETTIME 1
| #define HAVE_XDEBUG_CLOCK_GETTIME_NSEC_NP 0
| #define HAVE_GETTIMEOFDAY 1
| #define HAVE_STDIO_H 1
| #define HAVE_STDLIB_H 1
| #define HAVE_STRING_H 1
| #define HAVE_INTTYPES_H 1
| #define HAVE_STDINT_H 1
| #define HAVE_STRINGS_H 1
| #define HAVE_SYS_STAT_H 1
| #define HAVE_SYS_TYPES_H 1
| #define HAVE_UNISTD_H 1
| #define STDC_HEADERS 1
| #define HAVE_NETINET_IN_H 1
| #define HAVE_POLL_H 1
| #define HAVE_SYS_POLL_H 1
| #define HAVE_XDEBUG_CONTROL_SOCKET_SUPPORT 1
| #define HAVE_LINUX_RTNETLINK_H 1
| /* end confdefs.h.  */
| /* Define res_ninit to an innocuous variant, in case <limits.h> declares res_ninit.
|    For example, HP-UX 11i <limits.h> declares gettimeofday.  */
| #define res_ninit innocuous_res_ninit
| 
| /* System header to define __stub macros and hopefully few prototypes,
|    which can conflict with char res_ninit (); below.  */
| 
| #include <limits.h>
| #undef res_ninit
| 
| /* Override any GCC internal prototype to avoid an error.
|    Use char because int might match the return type of a GCC
|    builtin and then its argument prototype would still apply.  */
| #ifdef __cplusplus
| extern "C"
| #endif
| char res_ninit ();
| /* The GNU C library defines this for functions which it implements
|     to always fail with ENOSYS.  Some functions are actually named
|     something starting with __ and the normal name is an alias.  */
| #if defined __stub_res_ninit || defined __stub___res_ninit
| choke me
| #endif
| 
| int
| main (void)
| {
| return res_ninit ();
|   ;
|   return 0;
| }
configure:4701: result: no
configure:4706: checking for __res_ninit
configure:4706: cc -o conftest -g -O2 -I/usr/include/php/20220829 -I/usr/include/php/20220829/main -I/usr/include/php/20220829/TSRM -I/usr/include/php/20220829/Zend -I/usr/include/php/20220829/ext -I/usr/include/php/20220829/ext/date/lib   conftest.c  >&5
configure:4706: $? = 0
configure:4706: result: yes
configure:4882: checking for res_nclose
configure:4882: cc -o conftest -g -O2 -I/usr/include/php/20220829 -I/usr/include/php/20220829/main -I/usr/include/php/20220829/TSRM -I/usr/include/php/20220829/Zend -I/usr/include/php/20220829/ext -I/usr/include/php/20220829/ext/date/lib   conftest.c  >&5
/usr/bin/ld: /tmp/ccgAejAe.o: in function `main':
/var/www/html/xdebug-3.4.6/conftest.c:56: undefined reference to `res_nclose'
collect2: error: ld returned 1 exit status
configure:4882: $? = 1
configure: failed program was:
| /* confdefs.h */
| #define PACKAGE_NAME ""
| #define PACKAGE_TARNAME ""
| #define PACKAGE_VERSION ""
| #define PACKAGE_STRING ""
| #define PACKAGE_BUGREPORT ""
| #define PACKAGE_URL ""
| #define HAVE_XDEBUG 1
| #define HAVE_XDEBUG_CLOCK_GETTIME 1
| #define HAVE_XDEBUG_CLOCK_GETTIME_NSEC_NP 0
| #define HAVE_GETTIMEOFDAY 1
| #define HAVE_STDIO_H 1
| #define HAVE_STDLIB_H 1
| #define HAVE_STRING_H 1
| #define HAVE_INTTYPES_H 1
| #define HAVE_STDINT_H 1
| #define HAVE_STRINGS_H 1
| #define HAVE_SYS_STAT_H 1
| #define HAVE_SYS_TYPES_H 1
| #define HAVE_UNISTD_H 1
| #define STDC_HEADERS 1
| #define HAVE_NETINET_IN_H 1
| #define HAVE_POLL_H 1
| #define HAVE_SYS_POLL_H 1
| #define HAVE_XDEBUG_CONTROL_SOCKET_SUPPORT 1
| #define HAVE_LINUX_RTNETLINK_H 1
| #define HAVE_RES_NINIT 1
| /* end confdefs.h.  */
| /* Define res_nclose to an innocuous variant, in case <limits.h> declares res_nclose.
|    For example, HP-UX 11i <limits.h> declares gettimeofday.  */
| #define res_nclose innocuous_res_nclose
| 
| /* System header to define __stub macros and hopefully few prototypes,
|    which can conflict with char res_nclose (); below.  */
| 
| #include <limits.h>
| #undef res_nclose
| 
| /* Override any GCC internal prototype to avoid an error.
|    Use char because int might match the return type of a GCC
|    builtin and then its argument prototype would still apply.  */
| #ifdef __cplusplus
| extern "C"
| #endif
| char res_nclose ();
| /* The GNU C library defines this for functions which it implements
|     to always fail with ENOSYS.  Some functions are actually named
|     something starting with __ and the normal name is an alias.  */
| #if defined __stub_res_nclose || defined __stub___res_nclose
| choke me
| #endif
| 
| int
| main (void)
| {
| return res_nclose ();
|   ;
|   return 0;
| }
configure:4882: result: no
configure:4887: checking for __res_nclose
configure:4887: cc -o conftest -g -O2 -I/usr/include/php/20220829 -I/usr/include/php/20220829/main -I/usr/include/php/20220829/TSRM -I/usr/include/php/20220829/Zend -I/usr/include/php/20220829/ext -I/usr/include/php/20220829/ext/date/lib   conftest.c  >&5
configure:4887: $? = 0
configure:4887: result: yes
configure:5164: checking for cos in -lm
configure:5187: cc -o conftest -g -O2 -I/usr/include/php/20220829 -I/usr/include/php/20220829/main -I/usr/include/php/20220829/TSRM -I/usr/include/php/20220829/Zend -I/usr/include/php/20220829/ext -I/usr/include/php/20220829/ext/date/lib   conftest.c -lm   >&5
conftest.c:34:6: warning: conflicting types for built-in function 'cos'; expected 'double(double)' [-Wbuiltin-declaration-mismatch]
   34 | char cos ();
      |      ^~~
conftest.c:1:1: note: 'cos' is declared in header '<math.h>'
    1 | /* confdefs.h */
configure:5187: $? = 0
configure:5197: result: yes
configure:5241: checking for zlib >= 1.2.9
configure:5248: $PKG_CONFIG --exists --print-errors "zlib >= 1.2.9"
configure:5251: $? = 0
configure:5265: $PKG_CONFIG --exists --print-errors "zlib >= 1.2.9"
configure:5268: $? = 0
configure:5306: result: yes
configure:7309: checking how to print strings
configure:7336: result: printf
configure:7357: checking for a sed that does not truncate output
configure:7427: result: /usr/bin/sed
configure:7445: checking for fgrep
configure:7513: result: /usr/bin/grep -F
configure:7549: checking for ld used by cc
configure:7617: result: /usr/bin/ld
configure:7624: checking if the linker (/usr/bin/ld) is GNU ld
configure:7640: result: yes
configure:7652: checking for BSD- or MS-compatible name lister (nm)
configure:7707: result: /usr/bin/nm -B
configure:7847: checking the name lister (/usr/bin/nm -B) interface
configure:7855: cc -c -g -O2  conftest.c >&5
configure:7858: /usr/bin/nm -B "conftest.o"
configure:7861: output
0000000000000000 B some_variable
configure:7868: result: BSD nm
configure:7871: checking whether ln -s works
configure:7875: result: yes
configure:7883: checking the maximum length of command line arguments
configure:8015: result: 1572864
configure:8063: checking how to convert aarch64-unknown-linux-gnu file names to aarch64-unknown-linux-gnu format
configure:8104: result: func_convert_file_noop
configure:8111: checking how to convert aarch64-unknown-linux-gnu file names to toolchain format
configure:8132: result: func_convert_file_noop
configure:8139: checking for /usr/bin/ld option to reload object files
configure:8147: result: -r
configure:8226: checking for file
configure:8247: found /usr/bin/file
configure:8258: result: file
configure:8334: checking for objdump
configure:8355: found /usr/bin/objdump
configure:8366: result: objdump
configure:8398: checking how to recognize dependent libraries
configure:8599: result: pass_all
configure:8689: checking for dlltool
configure:8724: result: no
configure:8754: checking how to associate runtime and link libraries
configure:8782: result: printf %s\n
configure:8847: checking for ar
configure:8868: found /usr/bin/ar
configure:8879: result: ar
configure:8932: checking for archiver @FILE support
configure:8950: cc -c -g -O2  conftest.c >&5
configure:8950: $? = 0
configure:8954: ar cr libconftest.a @conftest.lst >&5
configure:8957: $? = 0
configure:8962: ar cr libconftest.a @conftest.lst >&5
ar: conftest.o: No such file or directory
configure:8965: $? = 1
configure:8977: result: @
configure:9040: checking for strip
configure:9061: found /usr/bin/strip
configure:9072: result: strip
configure:9149: checking for ranlib
configure:9170: found /usr/bin/ranlib
configure:9181: result: ranlib
configure:9258: checking for gawk
configure:9290: result: gawk
configure:9330: checking command to parse /usr/bin/nm -B output from cc object
configure:9484: cc -c -g -O2  conftest.c >&5
configure:9487: $? = 0
configure:9491: /usr/bin/nm -B conftest.o | /usr/bin/sed -n -e 's/^.*[	 ]\([ABCDGIRSTW][ABCDGIRSTW]*\)[	 ][	 ]*\([_A-Za-z][_A-Za-z0-9]*\)$/\1 \2 \2/p' | /usr/bin/sed '/ __gnu_lto/d' > conftest.nm
configure:9557: cc -o conftest -g -O2   conftest.c conftstm.o >&5
configure:9560: $? = 0
configure:9598: result: ok
configure:9645: checking for sysroot
configure:9676: result: no
configure:9683: checking for a working dd
configure:9727: result: /usr/bin/dd
configure:9731: checking how to truncate binary pipes
configure:9747: result: /usr/bin/dd bs=4096 count=1
configure:10084: checking for mt
configure:10105: found /usr/bin/mt
configure:10116: result: mt
configure:10139: checking if mt is a manifest tool
configure:10146: mt '-?'
configure:10154: result: no
configure:10875: checking for dlfcn.h
configure:10875: cc -c -g -O2  conftest.c >&5
configure:10875: $? = 0
configure:10875: result: yes
configure:11134: checking for objdir
configure:11150: result: .libs
configure:11414: checking if cc supports -fno-rtti -fno-exceptions
configure:11433: cc -c -g -O2  -fno-rtti -fno-exceptions conftest.c >&5
cc1: warning: command-line option '-fno-rtti' is valid for C++/D/ObjC++ but not for C
configure:11437: $? = 0
configure:11450: result: no
configure:11814: checking for cc option to produce PIC
configure:11822: result: -fPIC -DPIC
configure:11830: checking if cc PIC flag -fPIC -DPIC works
configure:11849: cc -c -g -O2  -fPIC -DPIC -DPIC conftest.c >&5
configure:11853: $? = 0
configure:11866: result: yes
configure:11895: checking if cc static flag -static works
configure:11924: result: yes
configure:11939: checking if cc supports -c -o file.o
configure:11961: cc -c -g -O2  -o out/conftest2.o conftest.c >&5
configure:11965: $? = 0
configure:11987: result: yes
configure:11995: checking if cc supports -c -o file.o
configure:12043: result: yes
configure:12076: checking whether the cc linker (/usr/bin/ld) supports shared libraries
configure:13350: result: yes
configure:13387: checking whether -lc should be explicitly linked in
configure:13396: cc -c -g -O2  conftest.c >&5
configure:13399: $? = 0
configure:13414: cc -shared  -fPIC -DPIC conftest.o  -v -Wl,-soname -Wl,conftest -o conftest 2\>\&1 \| /usr/bin/grep  -lc  \>/dev/null 2\>\&1
configure:13417: $? = 0
configure:13431: result: no
configure:13591: checking dynamic linker characteristics
configure:14173: cc -o conftest -g -O2   -Wl,-rpath -Wl,/foo conftest.c  >&5
configure:14173: $? = 0
configure:14424: result: GNU/Linux ld.so
configure:14546: checking how to hardcode library paths into programs
configure:14571: result: immediate
configure:15123: checking whether stripping libraries is possible
configure:15132: result: yes
configure:15174: checking if libtool supports shared libraries
configure:15176: result: yes
configure:15179: checking whether to build shared libraries
configure:15204: result: yes
configure:15207: checking whether to build static libraries
configure:15211: result: no
configure:15536: patching config.h.in
configure:15547: creating ./config.status

## ---------------------- ##
## Running config.status. ##
## ---------------------- ##

This file was extended by config.status, which was
generated by GNU Autoconf 2.71.  Invocation command line was

  CONFIG_FILES    = 
  CONFIG_HEADERS  = 
  CONFIG_LINKS    = 
  CONFIG_COMMANDS = 
  $ ./config.status 

on raspberrypi

config.status:895: creating config.h
config.status:999: executing libtool commands

## ---------------- ##
## Cache variables. ##
## ---------------- ##

ac_cv_build=aarch64-unknown-linux-gnu
ac_cv_c_compiler_gnu=yes
ac_cv_env_CC_set=
ac_cv_env_CC_value=
ac_cv_env_CFLAGS_set=
ac_cv_env_CFLAGS_value=
ac_cv_env_CPPFLAGS_set=
ac_cv_env_CPPFLAGS_value=
ac_cv_env_CPP_set=
ac_cv_env_CPP_value=
ac_cv_env_LDFLAGS_set=
ac_cv_env_LDFLAGS_value=
ac_cv_env_LIBS_set=
ac_cv_env_LIBS_value=
ac_cv_env_LT_SYS_LIBRARY_PATH_set=
ac_cv_env_LT_SYS_LIBRARY_PATH_value=
ac_cv_env_PKG_CONFIG_LIBDIR_set=
ac_cv_env_PKG_CONFIG_LIBDIR_value=
ac_cv_env_PKG_CONFIG_PATH_set=
ac_cv_env_PKG_CONFIG_PATH_value=
ac_cv_env_PKG_CONFIG_set=
ac_cv_env_PKG_CONFIG_value=
ac_cv_env_ZLIB_CFLAGS_set=
ac_cv_env_ZLIB_CFLAGS_value=
ac_cv_env_ZLIB_LIBS_set=
ac_cv_env_ZLIB_LIBS_value=
ac_cv_env_build_alias_set=
ac_cv_env_build_alias_value=
ac_cv_env_host_alias_set=
ac_cv_env_host_alias_value=
ac_cv_env_target_alias_set=
ac_cv_env_target_alias_value=
ac_cv_func___res_nclose=yes
ac_cv_func___res_ninit=yes
ac_cv_func_clock_gettime_nsec_np=no
ac_cv_func_gettimeofday=yes
ac_cv_func_res_nclose=yes
ac_cv_func_res_ninit=yes
ac_cv_header_dlfcn_h=yes
ac_cv_header_inttypes_h=yes
ac_cv_header_linux_rtnetlink_h=yes
ac_cv_header_netinet_in_h=yes
ac_cv_header_poll_h=yes
ac_cv_header_stdint_h=yes
ac_cv_header_stdio_h=yes
ac_cv_header_stdlib_h=yes
ac_cv_header_string_h=yes
ac_cv_header_strings_h=yes
ac_cv_header_sys_poll_h=yes
ac_cv_header_sys_stat_h=yes
ac_cv_header_sys_types_h=yes
ac_cv_header_unistd_h=yes
ac_cv_host=aarch64-unknown-linux-gnu
ac_cv_lib_m_cos=yes
ac_cv_objext=o
ac_cv_path_EGREP='/usr/bin/grep -E'
ac_cv_path_FGREP='/usr/bin/grep -F'
ac_cv_path_GREP=/usr/bin/grep
ac_cv_path_SED=/usr/bin/sed
ac_cv_path_ac_pt_PKG_CONFIG=/usr/bin/pkg-config
ac_cv_path_lt_DD=/usr/bin/dd
ac_cv_prog_AWK=gawk
ac_cv_prog_CPP='cc -E'
ac_cv_prog_ac_ct_AR=ar
ac_cv_prog_ac_ct_CC=cc
ac_cv_prog_ac_ct_FILECMD=file
ac_cv_prog_ac_ct_MANIFEST_TOOL=mt
ac_cv_prog_ac_ct_OBJDUMP=objdump
ac_cv_prog_ac_ct_RANLIB=ranlib
ac_cv_prog_ac_ct_STRIP=strip
ac_cv_prog_cc_c11=
ac_cv_prog_cc_g=yes
ac_cv_prog_cc_stdc=
ac_cv_target=aarch64-unknown-linux-gnu
lt_cv_ar_at_file=@
lt_cv_archive_cmds_need_lc=no
lt_cv_deplibs_check_method=pass_all
lt_cv_file_magic_cmd='$MAGIC_CMD'
lt_cv_file_magic_test_file=
lt_cv_ld_reload_flag=-r
lt_cv_nm_interface='BSD nm'
lt_cv_objdir=.libs
lt_cv_path_LD=/usr/bin/ld
lt_cv_path_NM='/usr/bin/nm -B'
lt_cv_path_mainfest_tool=no
lt_cv_prog_compiler_c_o=yes
lt_cv_prog_compiler_pic='-fPIC -DPIC'
lt_cv_prog_compiler_pic_works=yes
lt_cv_prog_compiler_rtti_exceptions=no
lt_cv_prog_compiler_static_works=yes
lt_cv_prog_gnu_ld=yes
lt_cv_sharedlib_from_linklib_cmd='printf %s\n'
lt_cv_shlibpath_overrides_runpath=yes
lt_cv_sys_global_symbol_pipe='/usr/bin/sed -n -e '\''s/^.*[	 ]\([ABCDGIRSTW][ABCDGIRSTW]*\)[	 ][	 ]*\([_A-Za-z][_A-Za-z0-9]*\)$/\1 \2 \2/p'\'' | /usr/bin/sed '\''/ __gnu_lto/d'\'''
lt_cv_sys_global_symbol_to_c_name_address='/usr/bin/sed -n -e '\''s/^: \(.*\) .*$/  {"\1", (void *) 0},/p'\'' -e '\''s/^[ABCDGIRSTW][ABCDGIRSTW]* .* \(.*\)$/  {"\1", (void *) \&\1},/p'\'''
lt_cv_sys_global_symbol_to_c_name_address_lib_prefix='/usr/bin/sed -n -e '\''s/^: \(.*\) .*$/  {"\1", (void *) 0},/p'\'' -e '\''s/^[ABCDGIRSTW][ABCDGIRSTW]* .* \(lib.*\)$/  {"\1", (void *) \&\1},/p'\'' -e '\''s/^[ABCDGIRSTW][ABCDGIRSTW]* .* \(.*\)$/  {"lib\1", (void *) \&\1},/p'\'''
lt_cv_sys_global_symbol_to_cdecl='/usr/bin/sed -n -e '\''s/^T .* \(.*\)$/extern int \1();/p'\'' -e '\''s/^[ABCDGIRSTW][ABCDGIRSTW]* .* \(.*\)$/extern char \1;/p'\'''
lt_cv_sys_global_symbol_to_import=
lt_cv_sys_max_cmd_len=1572864
lt_cv_to_host_file_cmd=func_convert_file_noop
lt_cv_to_tool_file_cmd=func_convert_file_noop
lt_cv_truncate_bin='/usr/bin/dd bs=4096 count=1'
php_cv_cc_rpath=yes
pkg_cv_ZLIB_CFLAGS=
pkg_cv_ZLIB_LIBS='-lz '

## ----------------- ##
## Output variables. ##
## ----------------- ##

AR='ar'
AWK='gawk'
BUILD_CC='cc'
CC='cc'
CFLAGS='-g -O2'
CONFIGURE_COMMAND=' '\''./configure'\'' '
CONFIGURE_OPTIONS=''
CPP='cc -E'
CPPFLAGS=' -DHAVE_CONFIG_H'
DEFS='-DHAVE_CONFIG_H'
DLLTOOL='false'
DSYMUTIL=''
DUMPBIN=''
ECHO_C=''
ECHO_N='-n'
ECHO_T=''
EGREP='/usr/bin/grep -E'
EXEEXT=''
FGREP='/usr/bin/grep -F'
FILECMD='file'
GREP='/usr/bin/grep'
LD='/usr/bin/ld'
LDFLAGS=''
LIBOBJS=''
LIBS=''
LIBTOOL='$(SHELL) $(top_builddir)/libtool'
LIPO=''
LN_S='ln -s'
LTLIBOBJS=''
LT_SYS_LIBRARY_PATH=''
MANIFEST_TOOL=':'
NM='/usr/bin/nm -B'
NMEDIT=''
OBJDUMP='objdump'
OBJEXT='o'
OTOOL64=''
OTOOL=''
PACKAGE_BUGREPORT=''
PACKAGE_NAME=''
PACKAGE_STRING=''
PACKAGE_TARNAME=''
PACKAGE_URL=''
PACKAGE_VERSION=''
PATH_SEPARATOR=':'
PKG_CONFIG='/usr/bin/pkg-config'
PKG_CONFIG_LIBDIR=''
PKG_CONFIG_PATH=''
RANLIB='ranlib'
SED='/usr/bin/sed'
SHELL='/bin/bash'
SHLIB_DL_SUFFIX_NAME='so'
SHLIB_SUFFIX_NAME='so'
STRIP='strip'
ZLIB_CFLAGS=''
ZLIB_LIBS='-lz '
ac_ct_AR='ar'
ac_ct_CC='cc'
ac_ct_DUMPBIN=''
bindir='${exec_prefix}/bin'
build='aarch64-unknown-linux-gnu'
build_alias=''
build_cpu='aarch64'
build_os='linux-gnu'
build_vendor='unknown'
datadir='${datarootdir}'
datarootdir='${prefix}/share'
docdir='${datarootdir}/doc/${PACKAGE}'
dvidir='${docdir}'
exec_prefix='$(prefix)'
host='aarch64-unknown-linux-gnu'
host_alias='aarch64-unknown-linux-gnu'
host_cpu='aarch64'
host_os='linux-gnu'
host_vendor='unknown'
htmldir='${docdir}'
includedir='${prefix}/include'
infodir='${datarootdir}/info'
libdir='${exec_prefix}/lib'
libexecdir='${exec_prefix}/libexec'
localedir='${datarootdir}/locale'
localstatedir='${prefix}/var'
mandir='${datarootdir}/man'
oldincludedir='/usr/include'
pdfdir='${docdir}'
prefix='/usr'
program_transform_name='s,x,x,'
psdir='${docdir}'
runstatedir='${localstatedir}/run'
sbindir='${exec_prefix}/sbin'
sharedstatedir='${prefix}/com'
sysconfdir='${prefix}/etc'
target='aarch64-unknown-linux-gnu'
target_alias=''
target_cpu='aarch64'
target_os='linux-gnu'
target_vendor='unknown'

## ----------- ##
## confdefs.h. ##
## ----------- ##

/* confdefs.h */
#define PACKAGE_NAME ""
#define PACKAGE_TARNAME ""
#define PACKAGE_VERSION ""
#define PACKAGE_STRING ""
#define PACKAGE_BUGREPORT ""
#define PACKAGE_URL ""
#define HAVE_XDEBUG 1
#define HAVE_XDEBUG_CLOCK_GETTIME 1
#define HAVE_XDEBUG_CLOCK_GETTIME_NSEC_NP 0
#define HAVE_GETTIMEOFDAY 1
#define HAVE_STDIO_H 1
#define HAVE_STDLIB_H 1
#define HAVE_STRING_H 1
#define HAVE_INTTYPES_H 1
#define HAVE_STDINT_H 1
#define HAVE_STRINGS_H 1
#define HAVE_SYS_STAT_H 1
#define HAVE_SYS_TYPES_H 1
#define HAVE_UNISTD_H 1
#define STDC_HEADERS 1
#define HAVE_NETINET_IN_H 1
#define HAVE_POLL_H 1
#define HAVE_SYS_POLL_H 1
#define HAVE_XDEBUG_CONTROL_SOCKET_SUPPORT 1
#define HAVE_LINUX_RTNETLINK_H 1
#define HAVE_RES_NINIT 1
#define HAVE_RES_NCLOSE 1
#define HAVE_XDEBUG_ZLIB 1
#define COMPILE_DL_XDEBUG 1
#define HAVE_DLFCN_H 1
#define LT_OBJDIR ".libs/"

configure: exit 0
